\BOOKMARK [0][-]{chapter.1}{Introdu\347\343o}{}% 1
\BOOKMARK [1][-]{section.1.1}{Motiva\347\343o}{chapter.1}% 2
\BOOKMARK [1][-]{section.1.2}{Objetivo}{chapter.1}% 3
\BOOKMARK [1][-]{section.1.3}{Justificativa}{chapter.1}% 4
\BOOKMARK [1][-]{section.1.4}{Organiza\347\343o do Trabalho}{chapter.1}% 5
\BOOKMARK [0][-]{chapter.2}{Embasamento Te\363rico}{}% 6
\BOOKMARK [1][-]{section.2.1}{Microcontrolador ATmega328P}{chapter.2}% 7
\BOOKMARK [2][-]{subsection.2.1.1}{Vis\343o Geral}{section.2.1}% 8
\BOOKMARK [2][-]{subsection.2.1.2}{CPU}{section.2.1}% 9
\BOOKMARK [2][-]{subsection.2.1.3}{Mem\363ria de Programa}{section.2.1}% 10
\BOOKMARK [2][-]{subsection.2.1.4}{Mem\363ria de Dados}{section.2.1}% 11
\BOOKMARK [2][-]{subsection.2.1.5}{M\363dulo de Entrada e Sa\355da Digital}{section.2.1}% 12
\BOOKMARK [2][-]{subsection.2.1.6}{Temporizadores}{section.2.1}% 13
\BOOKMARK [3][-]{subsubsection.2.1.6.1}{Modo Normal}{subsection.2.1.6}% 14
\BOOKMARK [3][-]{subsubsection.2.1.6.2}{Modo CTC}{subsection.2.1.6}% 15
\BOOKMARK [3][-]{subsubsection.2.1.6.3}{Modo Fast PWM}{subsection.2.1.6}% 16
\BOOKMARK [3][-]{subsubsection.2.1.6.4}{Modo PWM com Corre\347\343o de Fase}{subsection.2.1.6}% 17
\BOOKMARK [3][-]{subsubsection.2.1.6.5}{Modo PWM com Corre\347\343o de Fase e Frequ\352ncia}{subsection.2.1.6}% 18
\BOOKMARK [3][-]{subsubsection.2.1.6.6}{Captura de Eventos}{subsection.2.1.6}% 19
\BOOKMARK [2][-]{subsection.2.1.7}{Conversor A/D}{section.2.1}% 20
\BOOKMARK [2][-]{subsection.2.1.8}{USART}{section.2.1}% 21
\BOOKMARK [1][-]{section.2.2}{Processo de Software}{chapter.2}% 22
\BOOKMARK [1][-]{section.2.3}{Teste de Software}{chapter.2}% 23
\BOOKMARK [0][-]{chapter.3}{Desenvolvimento do Projeto}{}% 24
\BOOKMARK [1][-]{section.3.1}{Material}{chapter.3}% 25
\BOOKMARK [1][-]{section.3.2}{M\351todo}{chapter.3}% 26
\BOOKMARK [2][-]{subsection.3.2.1}{Desenvolvimento na IDE do Arduino}{section.3.2}% 27
\BOOKMARK [2][-]{subsection.3.2.2}{Desenvolvimento Android}{section.3.2}% 28
\BOOKMARK [3][-]{subsubsection.3.2.2.1}{M\363dulo principal}{subsection.3.2.2}% 29
\BOOKMARK [3][-]{subsubsection.3.2.2.2}{CPU}{subsection.3.2.2}% 30
\BOOKMARK [3][-]{subsubsection.3.2.2.3}{Mem\363ria de Programa}{subsection.3.2.2}% 31
\BOOKMARK [3][-]{subsubsection.3.2.2.4}{Mem\363ria de Dados}{subsection.3.2.2}% 32
\BOOKMARK [3][-]{subsubsection.3.2.2.5}{M\363dulo de Interrup\347\343o}{subsection.3.2.2}% 33
\BOOKMARK [3][-]{subsubsection.3.2.2.6}{M\363dulo de E/S}{subsection.3.2.2}% 34
\BOOKMARK [3][-]{subsubsection.3.2.2.7}{Temporizadores}{subsection.3.2.2}% 35
\BOOKMARK [3][-]{subsubsection.3.2.2.8}{Conversor A/D}{subsection.3.2.2}% 36
\BOOKMARK [3][-]{subsubsection.3.2.2.9}{USART}{subsection.3.2.2}% 37
\BOOKMARK [0][-]{chapter.4}{Resultados e Discuss\365es}{}% 38
\BOOKMARK [1][-]{section.4.1}{Arduino IDE}{chapter.4}% 39
\BOOKMARK [1][-]{section.4.2}{Simulador}{chapter.4}% 40
\BOOKMARK [2][-]{subsection.4.2.1}{Intera\347\343o com o sistema}{section.4.2}% 41
\BOOKMARK [2][-]{subsection.4.2.2}{Monitor Serial}{section.4.2}% 42
\BOOKMARK [2][-]{subsection.4.2.3}{Mapa de mem\363ria}{section.4.2}% 43
\BOOKMARK [2][-]{subsection.4.2.4}{Refer\352ncia externa de tens\343o}{section.4.2}% 44
\BOOKMARK [2][-]{subsection.4.2.5}{Medi\347\343o de frequ\352ncia}{section.4.2}% 45
\BOOKMARK [1][-]{section.4.3}{M\351tricas de Software}{chapter.4}% 46
\BOOKMARK [2][-]{subsection.4.3.1}{An\341lise Est\341tica}{section.4.3}% 47
\BOOKMARK [2][-]{subsection.4.3.2}{Cobertura}{section.4.3}% 48
\BOOKMARK [1][-]{section.4.4}{Profiling}{chapter.4}% 49
\BOOKMARK [1][-]{section.4.5}{Compara\347\343o entre aplicativos}{chapter.4}% 50
\BOOKMARK [2][-]{subsection.4.5.1}{Interface}{section.4.5}% 51
\BOOKMARK [2][-]{subsection.4.5.2}{Funcionalidades oferecidas}{section.4.5}% 52
\BOOKMARK [2][-]{subsection.4.5.3}{Requisitos do sistema e consumo de recursos}{section.4.5}% 53
\BOOKMARK [3][-]{subsubsection.4.5.3.1}{Sistema Operacional}{subsection.4.5.3}% 54
\BOOKMARK [3][-]{subsubsection.4.5.3.2}{Tamanho}{subsection.4.5.3}% 55
\BOOKMARK [3][-]{subsubsection.4.5.3.3}{Uso de CPU}{subsection.4.5.3}% 56
\BOOKMARK [3][-]{subsubsection.4.5.3.4}{Uso de Mem\363ria}{subsection.4.5.3}% 57
\BOOKMARK [2][-]{subsection.4.5.4}{Velocidade de simula\347\343o}{section.4.5}% 58
\BOOKMARK [2][-]{subsection.4.5.5}{Documenta\347\343o}{section.4.5}% 59
\BOOKMARK [2][-]{subsection.4.5.6}{Disponibilidade}{section.4.5}% 60
\BOOKMARK [1][-]{section.4.6}{C\363digo}{chapter.4}% 61
\BOOKMARK [0][-]{chapter.5}{Conclus\343o}{}% 62
\BOOKMARK [1][-]{section.5.1}{Trabalhos futuros}{chapter.5}% 63
\BOOKMARK [0][-]{section.5.1}{Refer\352ncias}{}% 64
\BOOKMARK [0][-]{appendix.A}{Ap\352ndice Projeto Blink}{}% 65
\BOOKMARK [0][-]{appendix.B}{Ap\352ndice Projeto Blink em assembly}{}% 66
\BOOKMARK [0][-]{appendix.C}{Ap\352ndice Projeto Input to Output}{}% 67
\BOOKMARK [0][-]{appendix.D}{Ap\352ndice Projeto Interrupt}{}% 68
\BOOKMARK [0][-]{appendix.E}{Ap\352ndice Projeto Timer}{}% 69
\BOOKMARK [0][-]{appendix.F}{Ap\352ndice Projeto Analog Input}{}% 70
\BOOKMARK [0][-]{appendix.G}{Ap\352ndice Projeto Serial}{}% 71
\BOOKMARK [0][-]{appendix.H}{Ap\352ndice Projeto Analog Serial}{}% 72
\BOOKMARK [0][-]{appendix.I}{Ap\352ndice Projeto Memory Measure}{}% 73
